<?xml version="1.0" encoding="UTF-8"?>
<testsuite name="com.retonequi.domain.services.FranchiseServiceTest" tests="6" skipped="0" failures="0" errors="0" timestamp="2025-04-27T16:53:38" hostname="DESKTOP-JLC71V1" time="0.08">
  <properties/>
  <testcase name="testGetAllFranchisesPaged()" classname="com.retonequi.domain.services.FranchiseServiceTest" time="0.052"/>
  <testcase name="testGetAllFranchisesPaged_Empty()" classname="com.retonequi.domain.services.FranchiseServiceTest" time="0.002"/>
  <testcase name="testCreateFranchise_Success()" classname="com.retonequi.domain.services.FranchiseServiceTest" time="0.006"/>
  <testcase name="testGetAllFranchisesPaged_MultiplePages()" classname="com.retonequi.domain.services.FranchiseServiceTest" time="0.005"/>
  <testcase name="testUpdateFranchiseName_Success()" classname="com.retonequi.domain.services.FranchiseServiceTest" time="0.006"/>
  <testcase name="testUpdateFranchiseName_NotFound()" classname="com.retonequi.domain.services.FranchiseServiceTest" time="0.004"/>
  <system-out><![CDATA[]]></system-out>
  <system-err><![CDATA[]]></system-err>
</testsuite>
