<?xml version="1.0" encoding="UTF-8"?>
<testsuite name="com.retonequi.domain.services.BranchServiceTest" tests="5" skipped="0" failures="0" errors="0" timestamp="2025-04-27T16:53:36" hostname="DESKTOP-JLC71V1" time="1.304">
  <properties/>
  <testcase name="testGetAllBranchesWithFranchisePaged()" classname="com.retonequi.domain.services.BranchServiceTest" time="1.274"/>
  <testcase name="testGetAllBranchesWithFranchisePaged_LessThanPageSize()" classname="com.retonequi.domain.services.BranchServiceTest" time="0.003"/>
  <testcase name="testGetAllBranchesWithFranchisePaged_FranchiseNotFoundForBranch()" classname="com.retonequi.domain.services.BranchServiceTest" time="0.004"/>
  <testcase name="testCreateBranch_FranchiseNotFound()" classname="com.retonequi.domain.services.BranchServiceTest" time="0.015"/>
  <testcase name="testCreateBranch()" classname="com.retonequi.domain.services.BranchServiceTest" time="0.004"/>
  <system-out><![CDATA[]]></system-out>
  <system-err><![CDATA[]]></system-err>
</testsuite>
