<?xml version="1.0" encoding="UTF-8"?>
<testsuite name="com.retonequi.domain.model.BranchTest" tests="2" skipped="0" failures="0" errors="0" timestamp="2025-04-27T16:53:36" hostname="DESKTOP-JLC71V1" time="0.018">
  <properties/>
  <testcase name="testBranchSetters()" classname="com.retonequi.domain.model.BranchTest" time="0.016"/>
  <testcase name="testBranchConstructorAndGetters()" classname="com.retonequi.domain.model.BranchTest" time="0.001"/>
  <system-out><![CDATA[]]></system-out>
  <system-err><![CDATA[]]></system-err>
</testsuite>
