<?xml version="1.0" encoding="UTF-8"?>
<testsuite name="com.retonequi.domain.services.ProductServiceTest" tests="9" skipped="0" failures="0" errors="0" timestamp="2025-04-27T16:53:38" hostname="DESKTOP-JLC71V1" time="0.135">
  <properties/>
  <testcase name="testAddProductToBranch_BranchNotFound()" classname="com.retonequi.domain.services.ProductServiceTest" time="0.024"/>
  <testcase name="testUpdateProductStock_NotFound()" classname="com.retonequi.domain.services.ProductServiceTest" time="0.003"/>
  <testcase name="testRemoveProductFromBranch_NotFound()" classname="com.retonequi.domain.services.ProductServiceTest" time="0.002"/>
  <testcase name="testUpdateProductStock_Success()" classname="com.retonequi.domain.services.ProductServiceTest" time="0.002"/>
  <testcase name="testRemoveProductFromBranch_Success()" classname="com.retonequi.domain.services.ProductServiceTest" time="0.004"/>
  <testcase name="testGetProductsMaxStockByBranchForFranchise_Success_Empty()" classname="com.retonequi.domain.services.ProductServiceTest" time="0.066"/>
  <testcase name="testAddProductToBranch_ProductAlreadyExists()" classname="com.retonequi.domain.services.ProductServiceTest" time="0.011"/>
  <testcase name="testGetProductsMaxStockByBranchForFranchise_Success_WithProducts()" classname="com.retonequi.domain.services.ProductServiceTest" time="0.008"/>
  <testcase name="testAddProductToBranch_Success()" classname="com.retonequi.domain.services.ProductServiceTest" time="0.002"/>
  <system-out><![CDATA[]]></system-out>
  <system-err><![CDATA[]]></system-err>
</testsuite>
