<?xml version="1.0" encoding="UTF-8"?>
<testsuite name="com.retonequi.domain.model.ProductTest" tests="2" skipped="0" failures="0" errors="0" timestamp="2025-04-27T16:53:36" hostname="DESKTOP-JLC71V1" time="0.004">
  <properties/>
  <testcase name="testProductSetters()" classname="com.retonequi.domain.model.ProductTest" time="0.002"/>
  <testcase name="testProductConstructorAndGetters()" classname="com.retonequi.domain.model.ProductTest" time="0.0"/>
  <system-out><![CDATA[]]></system-out>
  <system-err><![CDATA[]]></system-err>
</testsuite>
